{
   "raw_data" : [
      {
         "archive_url" : "http://www.ncbi.nlm.nih.gov/geo/query/acc.cgi?acc=GSM665840",
         "secondary_id" : null,
         "primary_id" : "GSM665840",
         "archive" : "GEO",
         "experiment_type" : "Chromatin Accessibility"
      },
      {
         "archive_url" : "http://www.ncbi.nlm.nih.gov/geo/query/acc.cgi?acc=GSM701503",
         "secondary_id" : null,
         "primary_id" : "GSM701503",
         "archive" : "GEO",
         "experiment_type" : "Chromatin Accessibility"
      },
      {
         "archive_url" : "http://www.ncbi.nlm.nih.gov/geo/query/acc.cgi?acc=GSM701541",
         "secondary_id" : null,
         "primary_id" : "GSM701541",
         "archive" : "GEO",
         "experiment_type" : "Chromatin Accessibility"
      },
      {
         "archive_url" : "http://www.ncbi.nlm.nih.gov/geo/query/acc.cgi?acc=GSM706504",
         "secondary_id" : null,
         "primary_id" : "GSM706504",
         "archive" : "GEO",
         "experiment_type" : "[HuEx-1_0-st] Affymetrix Human Exon 1.0 ST Array [probe set (exon) version]"
      },
      {
         "archive_url" : "http://www.ncbi.nlm.nih.gov/geo/query/acc.cgi?acc=GSM706512",
         "secondary_id" : null,
         "primary_id" : "GSM706512",
         "archive" : "GEO",
         "experiment_type" : "[HuEx-1_0-st] Affymetrix Human Exon 1.0 ST Array [probe set (exon) version]"
      },
      {
         "archive_url" : "http://www.ncbi.nlm.nih.gov/geo/query/acc.cgi?acc=GSM943587",
         "secondary_id" : null,
         "primary_id" : "GSM943587",
         "archive" : "GEO",
         "experiment_type" : "[HuEx-1_0-st] Affymetrix Human Exon 1.0 ST Array [probe set (exon) version]"
      },
      {
         "archive_url" : "http://www.ncbi.nlm.nih.gov/geo/query/acc.cgi?acc=GSM1102736",
         "secondary_id" : null,
         "primary_id" : "GSM1102736",
         "archive" : "GEO",
         "experiment_type" : "Digital Genomic Footprinting"
      },
      {
         "archive_url" : "http://www.ncbi.nlm.nih.gov/geo/query/acc.cgi?acc=GSM1102782",
         "secondary_id" : null,
         "primary_id" : "GSM1102782",
         "archive" : "GEO",
         "experiment_type" : "Histone H3K27ac"
      },
      {
         "archive_url" : "http://www.ncbi.nlm.nih.gov/geo/query/acc.cgi?acc=GSM1102785",
         "secondary_id" : null,
         "primary_id" : "GSM1102785",
         "archive" : "GEO",
         "experiment_type" : "Histone H3K27me3"
      },
      {
         "archive_url" : "http://www.ncbi.nlm.nih.gov/geo/query/acc.cgi?acc=GSM1102788",
         "secondary_id" : null,
         "primary_id" : "GSM1102788",
         "archive" : "GEO",
         "experiment_type" : "Histone H3K36me3"
      },
      {
         "archive_url" : "http://www.ncbi.nlm.nih.gov/geo/query/acc.cgi?acc=GSM1102793",
         "secondary_id" : null,
         "primary_id" : "GSM1102793",
         "archive" : "GEO",
         "experiment_type" : "Histone H3K4me1"
      },
      {
         "archive_url" : "http://www.ncbi.nlm.nih.gov/geo/query/acc.cgi?acc=GSM1102797",
         "secondary_id" : null,
         "primary_id" : "GSM1102797",
         "archive" : "GEO",
         "experiment_type" : "Histone H3K4me3"
      },
      {
         "archive_url" : "http://www.ncbi.nlm.nih.gov/geo/query/acc.cgi?acc=GSM1102801",
         "secondary_id" : null,
         "primary_id" : "GSM1102801",
         "archive" : "GEO",
         "experiment_type" : "Histone H3K9me3"
      },
      {
         "archive_url" : "http://www.ncbi.nlm.nih.gov/geo/query/acc.cgi?acc=GSM1102807",
         "secondary_id" : null,
         "primary_id" : "GSM1102807",
         "archive" : "GEO",
         "experiment_type" : "ChIP-Seq Input"
      },
      {
         "archive_url" : "http://www.ncbi.nlm.nih.gov/geo/query/acc.cgi?acc=GSM1186661",
         "secondary_id" : null,
         "primary_id" : "GSM1186661",
         "archive" : "GEO",
         "experiment_type" : "DNA Methylation"
      },
      {
         "archive_url" : "http://www.ncbi.nlm.nih.gov/geo/query/acc.cgi?acc=GSM1220575",
         "secondary_id" : null,
         "primary_id" : "GSM1220575",
         "archive" : "GEO",
         "experiment_type" : "mRNA-Seq"
      }
   ],
   "local_name" : "CD14 primary cells",
   "status" : "Incomplete",
   "project" : "NIH Roadmap",
   "meta_data" : {
      "biomaterial_type" : "Primary Cell",
      "markers" : "CD14+",
      "passage_if_expanded" : "NA"
   },
   "type" : "",
   "description" : "CD14 primary cells",
   "accession" : "IHECRE00000004.1"
}
